<?xml version="1.0" encoding="UTF-8"?>
<!-- Generated by org.testng.reporters.JUnitReportReporter -->
<testsuite skipped="0" hostname="DESKTOP-89OTHQ5" name="com.execution.TestExecution" tests="1" failures="0" timestamp="18 Jul 2020 05:14:49 GMT" time="12.331" errors="0">
  <testcase name="test01" time="12.331" classname="com.execution.TestExecution"/>
</testsuite> <!-- com.execution.TestExecution -->
